{"level":"\u001b[33mwarn\u001b[39m","message":"\u001b[33mFile not found: C:\\Users\\Optimus\\AppData\\Local\\Temp\\watcher-test-utils\\nope.json\u001b[39m","service":"watcher-service","timestamp":"2026-06-11 08:42:07:427"}
{"level":"\u001b[31merror\u001b[39m","message":"\u001b[31mError reading JSON file C:\\Users\\Optimus\\AppData\\Local\\Temp\\watcher-test-utils\\bad.json: Expected property name or '}' in JSON at position 2 (line 1 column 3)\u001b[39m","service":"watcher-service","stack":"SyntaxError: Expected property name or '}' in JSON at position 2 (line 1 column 3)\n    at JSON.parse (<anonymous>)\n    at Utils.readJsonFile (H:\\SEPTEMBRE-2025\\watcher-service\\src\\shared\\utils.ts:35:19)\n    at Object.<anonymous> (H:\\SEPTEMBRE-2025\\watcher-service\\tests\\shared\\utils.test.ts:103:22)","timestamp":"2026-06-11 08:42:07:427"}
{"level":"\u001b[32minfo\u001b[39m","message":"\u001b[32mJSON file written: C:\\Users\\Optimus\\AppData\\Local\\Temp\\watcher-test-utils\\output.json\u001b[39m","service":"watcher-service","timestamp":"2026-06-11 08:42:07:427"}
{"0":{"context":{"key":"name","label":"name"},"message":"\"name\" is required","path":["name"],"type":"any.required"},"level":"\u001b[31merror\u001b[39m","message":"\u001b[31mConfiguration validation error:\u001b[39m","service":"watcher-service","timestamp":"2026-06-11 08:42:07:427"}
{"extensions":["js"],"level":"\u001b[32minfo\u001b[39m","message":"\u001b[32mFilter criteria updated:\u001b[39m","module":"detection-filters","service":"watcher-service","timestamp":"2026-06-11 08:42:26:4226"}
{"level":"\u001b[32minfo\u001b[39m","message":"\u001b[32mValidator registered: json\u001b[39m","module":"prevention-validators","service":"watcher-service","timestamp":"2026-06-11 08:42:45:4245"}
{"level":"\u001b[32minfo\u001b[39m","message":"\u001b[32mValidator registered: json\u001b[39m","module":"prevention-validators","service":"watcher-service","timestamp":"2026-06-11 08:42:45:4245"}
{"level":"\u001b[32minfo\u001b[39m","message":"\u001b[32mValidator registered: pattern\u001b[39m","module":"prevention-validators","service":"watcher-service","timestamp":"2026-06-11 08:42:45:4245"}
{"level":"\u001b[32minfo\u001b[39m","message":"\u001b[32mValidator registered: json\u001b[39m","module":"prevention-validators","service":"watcher-service","timestamp":"2026-06-11 08:42:45:4245"}
{"level":"\u001b[32minfo\u001b[39m","message":"\u001b[32mValidator registered: eslint\u001b[39m","module":"prevention-validators","service":"watcher-service","timestamp":"2026-06-11 08:42:45:4245"}
{"level":"\u001b[32minfo\u001b[39m","message":"\u001b[32mValidator registered: json\u001b[39m","module":"prevention-validators","service":"watcher-service","timestamp":"2026-06-11 08:42:45:4245"}
{"level":"\u001b[32minfo\u001b[39m","message":"\u001b[32mValidator registered: yaml\u001b[39m","module":"prevention-validators","service":"watcher-service","timestamp":"2026-06-11 08:42:45:4245"}
{"level":"\u001b[32minfo\u001b[39m","message":"\u001b[32mValidator registered: pattern\u001b[39m","module":"prevention-validators","service":"watcher-service","timestamp":"2026-06-11 08:42:45:4245"}
{"level":"\u001b[32minfo\u001b[39m","message":"\u001b[32mℹ️ [INFO] Test: Test message\u001b[39m","module":"trigger-notifiers","service":"watcher-service","timestamp":"2026-06-11 08:43:05:435"}
{"level":"\u001b[32minfo\u001b[39m","message":"\u001b[32mNotifier registered for channel: console\u001b[39m","module":"trigger-notifiers","service":"watcher-service","timestamp":"2026-06-11 08:43:05:435"}
{"level":"\u001b[32minfo\u001b[39m","message":"\u001b[32mNotifier registered for channel: console\u001b[39m","module":"trigger-notifiers","service":"watcher-service","timestamp":"2026-06-11 08:43:05:435"}
{"level":"\u001b[32minfo\u001b[39m","message":"\u001b[32mNotifier registered for channel: file\u001b[39m","module":"trigger-notifiers","service":"watcher-service","timestamp":"2026-06-11 08:43:05:435"}
{"level":"\u001b[32minfo\u001b[39m","message":"\u001b[32mNotifier registered for channel: console\u001b[39m","module":"trigger-notifiers","service":"watcher-service","timestamp":"2026-06-11 08:43:05:435"}
{"level":"\u001b[32minfo\u001b[39m","message":"\u001b[32mℹ️ [INFO] Test: Test message\u001b[39m","module":"trigger-notifiers","service":"watcher-service","timestamp":"2026-06-11 08:43:05:435"}
{"level":"\u001b[32minfo\u001b[39m","message":"\u001b[32mNotifier registered for channel: slack\u001b[39m","module":"trigger-notifiers","service":"watcher-service","timestamp":"2026-06-11 08:43:05:435"}
{"level":"\u001b[32minfo\u001b[39m","message":"\u001b[32mNotifier registered for channel: email\u001b[39m","module":"trigger-notifiers","service":"watcher-service","timestamp":"2026-06-11 08:43:05:435"}
{"level":"\u001b[32minfo\u001b[39m","message":"\u001b[32mNotifier registered for channel: console\u001b[39m","module":"trigger-notifiers","service":"watcher-service","timestamp":"2026-06-11 08:43:05:435"}
{"level":"\u001b[32minfo\u001b[39m","message":"\u001b[32mNotifier registered for channel: file\u001b[39m","module":"trigger-notifiers","service":"watcher-service","timestamp":"2026-06-11 08:43:05:435"}
{"extensions":["js"],"level":"\u001b[32minfo\u001b[39m","message":"\u001b[32mFilter criteria updated:\u001b[39m","module":"detection-filters","service":"watcher-service","timestamp":"2026-06-11 08:43:11:4311"}
{"level":"\u001b[32minfo\u001b[39m","message":"\u001b[32mValidator registered: json\u001b[39m","module":"prevention-validators","service":"watcher-service","timestamp":"2026-06-11 08:43:12:4312"}
{"level":"\u001b[32minfo\u001b[39m","message":"\u001b[32mValidator registered: json\u001b[39m","module":"prevention-validators","service":"watcher-service","timestamp":"2026-06-11 08:43:12:4312"}
{"level":"\u001b[32minfo\u001b[39m","message":"\u001b[32mValidator registered: pattern\u001b[39m","module":"prevention-validators","service":"watcher-service","timestamp":"2026-06-11 08:43:12:4312"}
{"level":"\u001b[32minfo\u001b[39m","message":"\u001b[32mValidator registered: json\u001b[39m","module":"prevention-validators","service":"watcher-service","timestamp":"2026-06-11 08:43:12:4312"}
{"level":"\u001b[32minfo\u001b[39m","message":"\u001b[32mValidator registered: eslint\u001b[39m","module":"prevention-validators","service":"watcher-service","timestamp":"2026-06-11 08:43:12:4312"}
{"level":"\u001b[32minfo\u001b[39m","message":"\u001b[32mValidator registered: json\u001b[39m","module":"prevention-validators","service":"watcher-service","timestamp":"2026-06-11 08:43:12:4312"}
{"level":"\u001b[32minfo\u001b[39m","message":"\u001b[32mValidator registered: yaml\u001b[39m","module":"prevention-validators","service":"watcher-service","timestamp":"2026-06-11 08:43:12:4312"}
{"level":"\u001b[32minfo\u001b[39m","message":"\u001b[32mValidator registered: pattern\u001b[39m","module":"prevention-validators","service":"watcher-service","timestamp":"2026-06-11 08:43:12:4312"}
{"level":"\u001b[32minfo\u001b[39m","message":"\u001b[32mℹ️ [INFO] Test: Test message\u001b[39m","module":"trigger-notifiers","service":"watcher-service","timestamp":"2026-06-11 08:43:12:4312"}
{"level":"\u001b[32minfo\u001b[39m","message":"\u001b[32mNotifier registered for channel: console\u001b[39m","module":"trigger-notifiers","service":"watcher-service","timestamp":"2026-06-11 08:43:12:4312"}
{"level":"\u001b[32minfo\u001b[39m","message":"\u001b[32mNotifier registered for channel: console\u001b[39m","module":"trigger-notifiers","service":"watcher-service","timestamp":"2026-06-11 08:43:12:4312"}
{"level":"\u001b[32minfo\u001b[39m","message":"\u001b[32mNotifier registered for channel: file\u001b[39m","module":"trigger-notifiers","service":"watcher-service","timestamp":"2026-06-11 08:43:12:4312"}
{"level":"\u001b[32minfo\u001b[39m","message":"\u001b[32mNotifier registered for channel: console\u001b[39m","module":"trigger-notifiers","service":"watcher-service","timestamp":"2026-06-11 08:43:12:4312"}
{"level":"\u001b[32minfo\u001b[39m","message":"\u001b[32mℹ️ [INFO] Test: Test message\u001b[39m","module":"trigger-notifiers","service":"watcher-service","timestamp":"2026-06-11 08:43:12:4312"}
{"level":"\u001b[32minfo\u001b[39m","message":"\u001b[32mNotifier registered for channel: slack\u001b[39m","module":"trigger-notifiers","service":"watcher-service","timestamp":"2026-06-11 08:43:12:4312"}
{"level":"\u001b[32minfo\u001b[39m","message":"\u001b[32mNotifier registered for channel: email\u001b[39m","module":"trigger-notifiers","service":"watcher-service","timestamp":"2026-06-11 08:43:12:4312"}
{"level":"\u001b[32minfo\u001b[39m","message":"\u001b[32mNotifier registered for channel: console\u001b[39m","module":"trigger-notifiers","service":"watcher-service","timestamp":"2026-06-11 08:43:12:4312"}
{"level":"\u001b[32minfo\u001b[39m","message":"\u001b[32mNotifier registered for channel: file\u001b[39m","module":"trigger-notifiers","service":"watcher-service","timestamp":"2026-06-11 08:43:12:4312"}
{"level":"\u001b[33mwarn\u001b[39m","message":"\u001b[33mFile not found: C:\\Users\\Optimus\\AppData\\Local\\Temp\\watcher-test-utils\\nope.json\u001b[39m","service":"watcher-service","timestamp":"2026-06-11 08:43:12:4312"}
{"level":"\u001b[31merror\u001b[39m","message":"\u001b[31mError reading JSON file C:\\Users\\Optimus\\AppData\\Local\\Temp\\watcher-test-utils\\bad.json: Expected property name or '}' in JSON at position 2 (line 1 column 3)\u001b[39m","service":"watcher-service","stack":"SyntaxError: Expected property name or '}' in JSON at position 2 (line 1 column 3)\n    at JSON.parse (<anonymous>)\n    at Utils.readJsonFile (H:\\SEPTEMBRE-2025\\watcher-service\\src\\shared\\utils.ts:35:19)\n    at Object.<anonymous> (H:\\SEPTEMBRE-2025\\watcher-service\\tests\\shared\\utils.test.ts:103:22)","timestamp":"2026-06-11 08:43:12:4312"}
{"level":"\u001b[32minfo\u001b[39m","message":"\u001b[32mJSON file written: C:\\Users\\Optimus\\AppData\\Local\\Temp\\watcher-test-utils\\output.json\u001b[39m","service":"watcher-service","timestamp":"2026-06-11 08:43:12:4312"}
{"0":{"context":{"key":"name","label":"name"},"message":"\"name\" is required","path":["name"],"type":"any.required"},"level":"\u001b[31merror\u001b[39m","message":"\u001b[31mConfiguration validation error:\u001b[39m","service":"watcher-service","timestamp":"2026-06-11 08:43:12:4312"}
{"extensions":["js"],"level":"\u001b[32minfo\u001b[39m","message":"\u001b[32mFilter criteria updated:\u001b[39m","module":"detection-filters","service":"watcher-service","timestamp":"2026-06-11 08:53:41:5341"}
{"level":"\u001b[32minfo\u001b[39m","message":"\u001b[32mValidator registered: json\u001b[39m","module":"prevention-validators","service":"watcher-service","timestamp":"2026-06-11 08:53:42:5342"}
{"level":"\u001b[32minfo\u001b[39m","message":"\u001b[32mValidator registered: json\u001b[39m","module":"prevention-validators","service":"watcher-service","timestamp":"2026-06-11 08:53:42:5342"}
{"level":"\u001b[32minfo\u001b[39m","message":"\u001b[32mValidator registered: pattern\u001b[39m","module":"prevention-validators","service":"watcher-service","timestamp":"2026-06-11 08:53:42:5342"}
{"level":"\u001b[32minfo\u001b[39m","message":"\u001b[32mValidator registered: json\u001b[39m","module":"prevention-validators","service":"watcher-service","timestamp":"2026-06-11 08:53:42:5342"}
{"level":"\u001b[32minfo\u001b[39m","message":"\u001b[32mValidator registered: eslint\u001b[39m","module":"prevention-validators","service":"watcher-service","timestamp":"2026-06-11 08:53:42:5342"}
{"level":"\u001b[32minfo\u001b[39m","message":"\u001b[32mValidator registered: json\u001b[39m","module":"prevention-validators","service":"watcher-service","timestamp":"2026-06-11 08:53:42:5342"}
{"level":"\u001b[32minfo\u001b[39m","message":"\u001b[32mValidator registered: yaml\u001b[39m","module":"prevention-validators","service":"watcher-service","timestamp":"2026-06-11 08:53:42:5342"}
{"level":"\u001b[32minfo\u001b[39m","message":"\u001b[32mValidator registered: pattern\u001b[39m","module":"prevention-validators","service":"watcher-service","timestamp":"2026-06-11 08:53:42:5342"}
{"level":"\u001b[32minfo\u001b[39m","message":"\u001b[32mℹ️ [INFO] Test: Test message\u001b[39m","module":"trigger-notifiers","service":"watcher-service","timestamp":"2026-06-11 08:53:42:5342"}
{"level":"\u001b[32minfo\u001b[39m","message":"\u001b[32mNotifier registered for channel: console\u001b[39m","module":"trigger-notifiers","service":"watcher-service","timestamp":"2026-06-11 08:53:42:5342"}
{"level":"\u001b[32minfo\u001b[39m","message":"\u001b[32mNotifier registered for channel: console\u001b[39m","module":"trigger-notifiers","service":"watcher-service","timestamp":"2026-06-11 08:53:42:5342"}
{"level":"\u001b[32minfo\u001b[39m","message":"\u001b[32mNotifier registered for channel: file\u001b[39m","module":"trigger-notifiers","service":"watcher-service","timestamp":"2026-06-11 08:53:42:5342"}
{"level":"\u001b[32minfo\u001b[39m","message":"\u001b[32mNotifier registered for channel: console\u001b[39m","module":"trigger-notifiers","service":"watcher-service","timestamp":"2026-06-11 08:53:42:5342"}
{"level":"\u001b[32minfo\u001b[39m","message":"\u001b[32mℹ️ [INFO] Test: Test message\u001b[39m","module":"trigger-notifiers","service":"watcher-service","timestamp":"2026-06-11 08:53:42:5342"}
{"level":"\u001b[32minfo\u001b[39m","message":"\u001b[32mNotifier registered for channel: slack\u001b[39m","module":"trigger-notifiers","service":"watcher-service","timestamp":"2026-06-11 08:53:42:5342"}
{"level":"\u001b[32minfo\u001b[39m","message":"\u001b[32mNotifier registered for channel: email\u001b[39m","module":"trigger-notifiers","service":"watcher-service","timestamp":"2026-06-11 08:53:42:5342"}
{"level":"\u001b[32minfo\u001b[39m","message":"\u001b[32mNotifier registered for channel: console\u001b[39m","module":"trigger-notifiers","service":"watcher-service","timestamp":"2026-06-11 08:53:42:5342"}
{"level":"\u001b[32minfo\u001b[39m","message":"\u001b[32mNotifier registered for channel: file\u001b[39m","module":"trigger-notifiers","service":"watcher-service","timestamp":"2026-06-11 08:53:42:5342"}
{"level":"\u001b[33mwarn\u001b[39m","message":"\u001b[33mFile not found: C:\\Users\\Optimus\\AppData\\Local\\Temp\\watcher-test-utils\\nope.json\u001b[39m","service":"watcher-service","timestamp":"2026-06-11 08:53:42:5342"}
{"level":"\u001b[31merror\u001b[39m","message":"\u001b[31mError reading JSON file C:\\Users\\Optimus\\AppData\\Local\\Temp\\watcher-test-utils\\bad.json: Expected property name or '}' in JSON at position 2 (line 1 column 3)\u001b[39m","service":"watcher-service","stack":"SyntaxError: Expected property name or '}' in JSON at position 2 (line 1 column 3)\n    at JSON.parse (<anonymous>)\n    at Utils.readJsonFile (H:\\SEPTEMBRE-2025\\watcher-service\\src\\shared\\utils.ts:35:19)\n    at Object.<anonymous> (H:\\SEPTEMBRE-2025\\watcher-service\\tests\\shared\\utils.test.ts:103:22)","timestamp":"2026-06-11 08:53:42:5342"}
{"level":"\u001b[32minfo\u001b[39m","message":"\u001b[32mJSON file written: C:\\Users\\Optimus\\AppData\\Local\\Temp\\watcher-test-utils\\output.json\u001b[39m","service":"watcher-service","timestamp":"2026-06-11 08:53:42:5342"}
{"0":{"context":{"key":"name","label":"name"},"message":"\"name\" is required","path":["name"],"type":"any.required"},"level":"\u001b[31merror\u001b[39m","message":"\u001b[31mConfiguration validation error:\u001b[39m","service":"watcher-service","timestamp":"2026-06-11 08:53:42:5342"}
{"extensions":["js"],"level":"\u001b[32minfo\u001b[39m","message":"\u001b[32mFilter criteria updated:\u001b[39m","module":"detection-filters","service":"watcher-service","timestamp":"2026-06-11 08:54:18:5418"}
{"level":"\u001b[32minfo\u001b[39m","message":"\u001b[32mValidator registered: json\u001b[39m","module":"prevention-validators","service":"watcher-service","timestamp":"2026-06-11 08:54:18:5418"}
{"level":"\u001b[32minfo\u001b[39m","message":"\u001b[32mValidator registered: json\u001b[39m","module":"prevention-validators","service":"watcher-service","timestamp":"2026-06-11 08:54:18:5418"}
{"level":"\u001b[32minfo\u001b[39m","message":"\u001b[32mValidator registered: pattern\u001b[39m","module":"prevention-validators","service":"watcher-service","timestamp":"2026-06-11 08:54:18:5418"}
{"level":"\u001b[32minfo\u001b[39m","message":"\u001b[32mValidator registered: json\u001b[39m","module":"prevention-validators","service":"watcher-service","timestamp":"2026-06-11 08:54:18:5418"}
{"level":"\u001b[32minfo\u001b[39m","message":"\u001b[32mValidator registered: eslint\u001b[39m","module":"prevention-validators","service":"watcher-service","timestamp":"2026-06-11 08:54:18:5418"}
{"level":"\u001b[32minfo\u001b[39m","message":"\u001b[32mValidator registered: json\u001b[39m","module":"prevention-validators","service":"watcher-service","timestamp":"2026-06-11 08:54:18:5418"}
{"level":"\u001b[32minfo\u001b[39m","message":"\u001b[32mValidator registered: yaml\u001b[39m","module":"prevention-validators","service":"watcher-service","timestamp":"2026-06-11 08:54:18:5418"}
{"level":"\u001b[32minfo\u001b[39m","message":"\u001b[32mValidator registered: pattern\u001b[39m","module":"prevention-validators","service":"watcher-service","timestamp":"2026-06-11 08:54:18:5418"}
{"level":"\u001b[32minfo\u001b[39m","message":"\u001b[32mℹ️ [INFO] Test: Test message\u001b[39m","module":"trigger-notifiers","service":"watcher-service","timestamp":"2026-06-11 08:54:18:5418"}
{"level":"\u001b[32minfo\u001b[39m","message":"\u001b[32mNotifier registered for channel: console\u001b[39m","module":"trigger-notifiers","service":"watcher-service","timestamp":"2026-06-11 08:54:19:5419"}
{"level":"\u001b[32minfo\u001b[39m","message":"\u001b[32mNotifier registered for channel: console\u001b[39m","module":"trigger-notifiers","service":"watcher-service","timestamp":"2026-06-11 08:54:19:5419"}
{"level":"\u001b[32minfo\u001b[39m","message":"\u001b[32mNotifier registered for channel: file\u001b[39m","module":"trigger-notifiers","service":"watcher-service","timestamp":"2026-06-11 08:54:19:5419"}
{"level":"\u001b[32minfo\u001b[39m","message":"\u001b[32mNotifier registered for channel: console\u001b[39m","module":"trigger-notifiers","service":"watcher-service","timestamp":"2026-06-11 08:54:19:5419"}
{"level":"\u001b[32minfo\u001b[39m","message":"\u001b[32mℹ️ [INFO] Test: Test message\u001b[39m","module":"trigger-notifiers","service":"watcher-service","timestamp":"2026-06-11 08:54:19:5419"}
{"level":"\u001b[32minfo\u001b[39m","message":"\u001b[32mNotifier registered for channel: slack\u001b[39m","module":"trigger-notifiers","service":"watcher-service","timestamp":"2026-06-11 08:54:19:5419"}
{"level":"\u001b[32minfo\u001b[39m","message":"\u001b[32mNotifier registered for channel: email\u001b[39m","module":"trigger-notifiers","service":"watcher-service","timestamp":"2026-06-11 08:54:19:5419"}
{"level":"\u001b[32minfo\u001b[39m","message":"\u001b[32mNotifier registered for channel: console\u001b[39m","module":"trigger-notifiers","service":"watcher-service","timestamp":"2026-06-11 08:54:19:5419"}
{"level":"\u001b[32minfo\u001b[39m","message":"\u001b[32mNotifier registered for channel: file\u001b[39m","module":"trigger-notifiers","service":"watcher-service","timestamp":"2026-06-11 08:54:19:5419"}
{"level":"\u001b[33mwarn\u001b[39m","message":"\u001b[33mFile not found: C:\\Users\\Optimus\\AppData\\Local\\Temp\\watcher-test-utils\\nope.json\u001b[39m","service":"watcher-service","timestamp":"2026-06-11 08:54:19:5419"}
{"level":"\u001b[31merror\u001b[39m","message":"\u001b[31mError reading JSON file C:\\Users\\Optimus\\AppData\\Local\\Temp\\watcher-test-utils\\bad.json: Expected property name or '}' in JSON at position 2 (line 1 column 3)\u001b[39m","service":"watcher-service","stack":"SyntaxError: Expected property name or '}' in JSON at position 2 (line 1 column 3)\n    at JSON.parse (<anonymous>)\n    at Utils.readJsonFile (H:\\SEPTEMBRE-2025\\watcher-service\\src\\shared\\utils.ts:35:19)\n    at Object.<anonymous> (H:\\SEPTEMBRE-2025\\watcher-service\\tests\\shared\\utils.test.ts:103:22)","timestamp":"2026-06-11 08:54:19:5419"}
{"level":"\u001b[32minfo\u001b[39m","message":"\u001b[32mJSON file written: C:\\Users\\Optimus\\AppData\\Local\\Temp\\watcher-test-utils\\output.json\u001b[39m","service":"watcher-service","timestamp":"2026-06-11 08:54:19:5419"}
{"0":{"context":{"key":"name","label":"name"},"message":"\"name\" is required","path":["name"],"type":"any.required"},"level":"\u001b[31merror\u001b[39m","message":"\u001b[31mConfiguration validation error:\u001b[39m","service":"watcher-service","timestamp":"2026-06-11 08:54:19:5419"}
{"extensions":["js"],"level":"\u001b[32minfo\u001b[39m","message":"\u001b[32mFilter criteria updated:\u001b[39m","module":"detection-filters","service":"watcher-service","timestamp":"2026-06-11 08:56:56:5656"}
{"level":"\u001b[32minfo\u001b[39m","message":"\u001b[32mValidator registered: json\u001b[39m","module":"prevention-validators","service":"watcher-service","timestamp":"2026-06-11 08:56:56:5656"}
{"level":"\u001b[32minfo\u001b[39m","message":"\u001b[32mValidator registered: json\u001b[39m","module":"prevention-validators","service":"watcher-service","timestamp":"2026-06-11 08:56:56:5656"}
{"level":"\u001b[32minfo\u001b[39m","message":"\u001b[32mValidator registered: pattern\u001b[39m","module":"prevention-validators","service":"watcher-service","timestamp":"2026-06-11 08:56:56:5656"}
{"level":"\u001b[32minfo\u001b[39m","message":"\u001b[32mValidator registered: json\u001b[39m","module":"prevention-validators","service":"watcher-service","timestamp":"2026-06-11 08:56:56:5656"}
{"level":"\u001b[32minfo\u001b[39m","message":"\u001b[32mValidator registered: eslint\u001b[39m","module":"prevention-validators","service":"watcher-service","timestamp":"2026-06-11 08:56:56:5656"}
{"level":"\u001b[32minfo\u001b[39m","message":"\u001b[32mValidator registered: json\u001b[39m","module":"prevention-validators","service":"watcher-service","timestamp":"2026-06-11 08:56:56:5656"}
{"level":"\u001b[32minfo\u001b[39m","message":"\u001b[32mValidator registered: yaml\u001b[39m","module":"prevention-validators","service":"watcher-service","timestamp":"2026-06-11 08:56:56:5656"}
{"level":"\u001b[32minfo\u001b[39m","message":"\u001b[32mValidator registered: pattern\u001b[39m","module":"prevention-validators","service":"watcher-service","timestamp":"2026-06-11 08:56:56:5656"}
{"level":"\u001b[32minfo\u001b[39m","message":"\u001b[32mℹ️ [INFO] Test: Test message\u001b[39m","module":"trigger-notifiers","service":"watcher-service","timestamp":"2026-06-11 08:56:56:5656"}
{"level":"\u001b[32minfo\u001b[39m","message":"\u001b[32mNotifier registered for channel: console\u001b[39m","module":"trigger-notifiers","service":"watcher-service","timestamp":"2026-06-11 08:56:56:5656"}
{"level":"\u001b[32minfo\u001b[39m","message":"\u001b[32mNotifier registered for channel: console\u001b[39m","module":"trigger-notifiers","service":"watcher-service","timestamp":"2026-06-11 08:56:56:5656"}
{"level":"\u001b[32minfo\u001b[39m","message":"\u001b[32mNotifier registered for channel: file\u001b[39m","module":"trigger-notifiers","service":"watcher-service","timestamp":"2026-06-11 08:56:56:5656"}
{"level":"\u001b[32minfo\u001b[39m","message":"\u001b[32mNotifier registered for channel: console\u001b[39m","module":"trigger-notifiers","service":"watcher-service","timestamp":"2026-06-11 08:56:56:5656"}
{"level":"\u001b[32minfo\u001b[39m","message":"\u001b[32mℹ️ [INFO] Test: Test message\u001b[39m","module":"trigger-notifiers","service":"watcher-service","timestamp":"2026-06-11 08:56:56:5656"}
{"level":"\u001b[32minfo\u001b[39m","message":"\u001b[32mNotifier registered for channel: slack\u001b[39m","module":"trigger-notifiers","service":"watcher-service","timestamp":"2026-06-11 08:56:56:5656"}
{"level":"\u001b[32minfo\u001b[39m","message":"\u001b[32mNotifier registered for channel: email\u001b[39m","module":"trigger-notifiers","service":"watcher-service","timestamp":"2026-06-11 08:56:56:5656"}
{"level":"\u001b[32minfo\u001b[39m","message":"\u001b[32mNotifier registered for channel: console\u001b[39m","module":"trigger-notifiers","service":"watcher-service","timestamp":"2026-06-11 08:56:56:5656"}
{"level":"\u001b[32minfo\u001b[39m","message":"\u001b[32mNotifier registered for channel: file\u001b[39m","module":"trigger-notifiers","service":"watcher-service","timestamp":"2026-06-11 08:56:56:5656"}
{"level":"\u001b[33mwarn\u001b[39m","message":"\u001b[33mFile not found: C:\\Users\\Optimus\\AppData\\Local\\Temp\\watcher-test-utils\\nope.json\u001b[39m","service":"watcher-service","timestamp":"2026-06-11 08:56:56:5656"}
{"level":"\u001b[31merror\u001b[39m","message":"\u001b[31mError reading JSON file C:\\Users\\Optimus\\AppData\\Local\\Temp\\watcher-test-utils\\bad.json: Expected property name or '}' in JSON at position 2 (line 1 column 3)\u001b[39m","service":"watcher-service","stack":"SyntaxError: Expected property name or '}' in JSON at position 2 (line 1 column 3)\n    at JSON.parse (<anonymous>)\n    at Utils.readJsonFile (H:\\SEPTEMBRE-2025\\watcher-service\\src\\shared\\utils.ts:35:19)\n    at Object.<anonymous> (H:\\SEPTEMBRE-2025\\watcher-service\\tests\\shared\\utils.test.ts:103:22)","timestamp":"2026-06-11 08:56:56:5656"}
{"level":"\u001b[32minfo\u001b[39m","message":"\u001b[32mJSON file written: C:\\Users\\Optimus\\AppData\\Local\\Temp\\watcher-test-utils\\output.json\u001b[39m","service":"watcher-service","timestamp":"2026-06-11 08:56:56:5656"}
{"0":{"context":{"key":"name","label":"name"},"message":"\"name\" is required","path":["name"],"type":"any.required"},"level":"\u001b[31merror\u001b[39m","message":"\u001b[31mConfiguration validation error:\u001b[39m","service":"watcher-service","timestamp":"2026-06-11 08:56:56:5656"}
